[INFO][article.go:145]2022/07/28 19:50:49 [tag_id 标签ID必须大于0]
[INFO][article.go:145]2022/07/28 19:50:49 [desc 简述不能为空]
[INFO][article.go:145]2022/07/28 19:50:49 [created_by 创建人不能为空]
[INFO][article.go:145]2022/07/28 19:51:46 [tag_id 标签ID必须大于0]
[INFO][article.go:145]2022/07/28 19:51:46 [desc 简述不能为空]
[INFO][article.go:145]2022/07/28 19:51:46 [created_by 创建人不能为空]
[INFO][article.go:145]2022/07/28 19:53:26 [desc 简述不能为空]
[INFO][article.go:145]2022/07/28 19:53:26 [created_by 创建人不能为空]
[INFO][article.go:145]2022/07/28 20:17:49 [tag_id 标签ID必须大于0]
[INFO][article.go:145]2022/07/28 20:17:49 [title 标题不能为空]
[INFO][article.go:145]2022/07/28 20:17:49 [desc 简述不能为空]
[INFO][article.go:145]2022/07/28 20:17:49 [content 内容不能为空]
[INFO][article.go:145]2022/07/28 20:17:49 [created_by 创建人不能为空]
[INFO][article.go:145]2022/07/28 20:18:45 [tag_id 标签ID必须大于0]
[INFO][article.go:145]2022/07/28 20:18:45 [title 标题不能为空]
[INFO][article.go:145]2022/07/28 20:18:45 [desc 简述不能为空]
[INFO][article.go:145]2022/07/28 20:18:45 [content 内容不能为空]
[INFO][article.go:145]2022/07/28 20:18:45 [created_by 创建人不能为空]
[INFO][article.go:145]2022/07/28 20:19:14 [tag_id 标签ID必须大于0]
[INFO][article.go:145]2022/07/28 20:19:14 [title 标题不能为空]
[INFO][article.go:145]2022/07/28 20:19:14 [desc 简述不能为空]
[INFO][article.go:145]2022/07/28 20:19:14 [content 内容不能为空]
[INFO][article.go:145]2022/07/28 20:19:14 [created_by 创建人不能为空]
[INFO][article.go:145]2022/07/28 20:20:11 [tag_id 标签ID必须大于0]
[INFO][article.go:145]2022/07/28 20:20:11 [title 标题不能为空]
[INFO][article.go:145]2022/07/28 20:20:11 [desc 简述不能为空]
[INFO][article.go:145]2022/07/28 20:20:11 [content 内容不能为空]
[INFO][article.go:145]2022/07/28 20:20:11 [created_by 创建人不能为空]
[INFO][article.go:145]2022/07/28 20:22:18 [tag_id 标签ID必须大于0]
[INFO][article.go:145]2022/07/28 20:22:18 [title 标题不能为空]
[INFO][article.go:145]2022/07/28 20:22:18 [desc 简述不能为空]
[INFO][article.go:145]2022/07/28 20:22:18 [content 内容不能为空]
[INFO][article.go:145]2022/07/28 20:22:18 [created_by 创建人不能为空]
[INFO][article.go:145]2022/07/28 20:26:01 [tag_id 标签ID必须大于0]
[INFO][article.go:145]2022/07/28 20:26:01 [title 标题不能为空]
[INFO][article.go:145]2022/07/28 20:26:01 [desc 简述不能为空]
[INFO][article.go:145]2022/07/28 20:26:01 [content 内容不能为空]
[INFO][article.go:145]2022/07/28 20:26:01 [created_by 创建人不能为空]
[INFO][article.go:154]2022/07/28 20:32:55 [tag_id 标签ID必须大于0]
[INFO][article.go:154]2022/07/28 20:32:55 [desc 简述不能为空]
[INFO][article.go:154]2022/07/28 20:35:02 [desc 简述不能为空]
